[31m  ERROR[0m - [[33m08/Aug/2011 17:58:28[0m] "HttpRouter::Route::DoubleCompileError - HttpRouter::Route::DoubleCompileError:
 C:/Ruby192/lib/ruby/gems/1.9.1/gems/http_router-0.8.11/lib/http_router/route.rb:227:in `add_path_to_tree'
 C:/Ruby192/lib/ruby/gems/1.9.1/gems/http_router-0.8.11/lib/http_router/route.rb:46:in `to'
 C:/Ruby192/lib/ruby/gems/1.9.1/gems/padrino-core-0.10.0/lib/padrino-core/application/routing.rb:344:in `block (2 levels) in compiled_router'
 C:/Ruby192/lib/ruby/gems/1.9.1/gems/padrino-core-0.10.0/lib/padrino-core/application/routing.rb:344:in `each'
 C:/Ruby192/lib/ruby/gems/1.9.1/gems/padrino-core-0.10.0/lib/padrino-core/application/routing.rb:344:in `block in compiled_router'
 C:/Ruby192/lib/ruby/gems/1.9.1/gems/padrino-core-0.10.0/lib/padrino-core/application/routing.rb:344:in `each'
 C:/Ruby192/lib/ruby/gems/1.9.1/gems/padrino-core-0.10.0/lib/padrino-core/application/routing.rb:344:in `compiled_router'
 C:/Ruby192/lib/ruby/gems/1.9.1/gems/padrino-core-0.10.0/lib/padrino-core/application/routing.rb:796:in `route!'
 C:/Ruby192/lib/ruby/gems/1.9.1/gems/padrino-core-0.10.0/lib/padrino-core/application/routing.rb:785:in `dispatch!'
 C:/Ruby192/lib/ruby/gems/1.9.1/gems/sinatra-1.2.6/lib/sinatra/base.rb:644:in `block in call!'
 C:/Ruby192/lib/ruby/gems/1.9.1/gems/sinatra-1.2.6/lib/sinatra/base.rb:808:in `instance_eval'
 C:/Ruby192/lib/ruby/gems/1.9.1/gems/sinatra-1.2.6/lib/sinatra/base.rb:808:in `block in invoke'
 C:/Ruby192/lib/ruby/gems/1.9.1/gems/sinatra-1.2.6/lib/sinatra/base.rb:808:in `catch'
 C:/Ruby192/lib/ruby/gems/1.9.1/gems/sinatra-1.2.6/lib/sinatra/base.rb:808:in `invoke'
 C:/Ruby192/lib/ruby/gems/1.9.1/gems/sinatra-1.2.6/lib/sinatra/base.rb:644:in `call!'
 C:/Ruby192/lib/ruby/gems/1.9.1/gems/sinatra-1.2.6/lib/sinatra/base.rb:629:in `call'
 C:/Ruby192/lib/ruby/gems/1.9.1/gems/rack-flash-0.1.2/lib/rack/flash.rb:147:in `call'
 C:/Ruby192/lib/ruby/gems/1.9.1/gems/rack-1.3.2/lib/rack/session/abstract/id.rb:195:in `context'
 C:/Ruby192/lib/ruby/gems/1.9.1/gems/rack-1.3.2/lib/rack/session/abstract/id.rb:190:in `call'
 C:/Ruby192/lib/ruby/gems/1.9.1/gems/rack-1.3.2/lib/rack/head.rb:9:in `call'
 C:/Ruby192/lib/ruby/gems/1.9.1/gems/rack-1.3.2/lib/rack/methodoverride.rb:24:in `call'
 C:/Ruby192/lib/ruby/gems/1.9.1/gems/sinatra-1.2.6/lib/sinatra/base.rb:1272:in `block in call'
 C:/Ruby192/lib/ruby/gems/1.9.1/gems/sinatra-1.2.6/lib/sinatra/base.rb:1303:in `synchronize'
 C:/Ruby192/lib/ruby/gems/1.9.1/gems/sinatra-1.2.6/lib/sinatra/base.rb:1272:in `call'
 C:/Ruby192/lib/ruby/gems/1.9.1/gems/padrino-core-0.10.0/lib/padrino-core/router.rb:71:in `block in call'
 C:/Ruby192/lib/ruby/gems/1.9.1/gems/padrino-core-0.10.0/lib/padrino-core/router.rb:64:in `each'
 C:/Ruby192/lib/ruby/gems/1.9.1/gems/padrino-core-0.10.0/lib/padrino-core/router.rb:64:in `call'
 C:/Ruby192/lib/ruby/gems/1.9.1/gems/rack-1.3.2/lib/rack/handler/webrick.rb:59:in `service'
 C:/Ruby192/lib/ruby/1.9.1/webrick/httpserver.rb:111:in `service'
 C:/Ruby192/lib/ruby/1.9.1/webrick/httpserver.rb:70:in `run'
 C:/Ruby192/lib/ruby/1.9.1/webrick/server.rb:183:in `block in start_thread'"
[31m  ERROR[0m - [[33m08/Aug/2011 17:59:28[0m] "Net::SMTPServerBusy - 454 TLS not available
:
 C:/Ruby192/lib/ruby/1.9.1/net/smtp.rb:954:in `check_response'
 C:/Ruby192/lib/ruby/1.9.1/net/smtp.rb:923:in `getok'
 C:/Ruby192/lib/ruby/1.9.1/net/smtp.rb:823:in `starttls'
 C:/Ruby192/lib/ruby/1.9.1/net/smtp.rb:565:in `do_start'
 C:/Ruby192/lib/ruby/1.9.1/net/smtp.rb:525:in `start'
 C:/Ruby192/lib/ruby/gems/1.9.1/gems/mail-2.3.0/lib/mail/network/delivery_methods/smtp.rb:128:in `deliver!'
 C:/Ruby192/lib/ruby/gems/1.9.1/gems/mail-2.3.0/lib/mail/message.rb:1989:in `do_delivery'
 C:/Ruby192/lib/ruby/gems/1.9.1/gems/padrino-mailer-0.10.0/lib/padrino-mailer/ext.rb:111:in `do_delivery_with_logging'
 C:/Ruby192/lib/ruby/gems/1.9.1/gems/mail-2.3.0/lib/mail/message.rb:232:in `deliver'
 C:/Ruby192/lib/ruby/gems/1.9.1/gems/padrino-mailer-0.10.0/lib/padrino-mailer/helpers.rb:84:in `deliver'
 C:/Ruby192/lib/ruby/gems/1.9.1/gems/padrino-mailer-0.10.0/lib/padrino-mailer/helpers.rb:34:in `deliver'
 C:/Dropbox/padrino/laroriket/app/controllers/controllers.rb:15:in `block (2 levels) in <top (required)>'
 C:/Ruby192/lib/ruby/gems/1.9.1/gems/padrino-core-0.10.0/lib/padrino-core/application/routing.rb:486:in `call'
 C:/Ruby192/lib/ruby/gems/1.9.1/gems/padrino-core-0.10.0/lib/padrino-core/application/routing.rb:486:in `block in route'
 C:/Ruby192/lib/ruby/gems/1.9.1/gems/sinatra-1.2.6/lib/sinatra/base.rb:724:in `instance_eval'
 C:/Ruby192/lib/ruby/gems/1.9.1/gems/sinatra-1.2.6/lib/sinatra/base.rb:724:in `route_eval'
 C:/Ruby192/lib/ruby/gems/1.9.1/gems/padrino-core-0.10.0/lib/padrino-core/application/routing.rb:49:in `block (2 levels) in process_destination_path'
 C:/Ruby192/lib/ruby/gems/1.9.1/gems/padrino-core-0.10.0/lib/padrino-core/application/routing.rb:49:in `catch'
 C:/Ruby192/lib/ruby/gems/1.9.1/gems/padrino-core-0.10.0/lib/padrino-core/application/routing.rb:49:in `block in process_destination_path'
 C:/Ruby192/lib/ruby/gems/1.9.1/gems/padrino-core-0.10.0/lib/padrino-core/application/routing.rb:22:in `instance_eval'
 C:/Ruby192/lib/ruby/gems/1.9.1/gems/padrino-core-0.10.0/lib/padrino-core/application/routing.rb:22:in `process_destination_path'
 (eval):116:in `block (2 levels) in inject_root_methods'
 (eval):106:in `catch'
 (eval):106:in `block in inject_root_methods'
 (eval):199:in `block in inject_root_methods'
 C:/Ruby192/lib/ruby/gems/1.9.1/gems/http_router-0.8.11/lib/http_router/node/root.rb:92:in `[]'
 C:/Ruby192/lib/ruby/gems/1.9.1/gems/http_router-0.8.11/lib/http_router.rb:110:in `block in call'
 C:/Ruby192/lib/ruby/gems/1.9.1/gems/http_router-0.8.11/lib/http_router.rb:110:in `catch'
 C:/Ruby192/lib/ruby/gems/1.9.1/gems/http_router-0.8.11/lib/http_router.rb:110:in `call'
 C:/Ruby192/lib/ruby/gems/1.9.1/gems/padrino-core-0.10.0/lib/padrino-core/application/routing.rb:796:in `route!'
 C:/Ruby192/lib/ruby/gems/1.9.1/gems/padrino-core-0.10.0/lib/padrino-core/application/routing.rb:785:in `dispatch!'
 C:/Ruby192/lib/ruby/gems/1.9.1/gems/sinatra-1.2.6/lib/sinatra/base.rb:644:in `block in call!'
 C:/Ruby192/lib/ruby/gems/1.9.1/gems/sinatra-1.2.6/lib/sinatra/base.rb:808:in `instance_eval'
 C:/Ruby192/lib/ruby/gems/1.9.1/gems/sinatra-1.2.6/lib/sinatra/base.rb:808:in `block in invoke'
 C:/Ruby192/lib/ruby/gems/1.9.1/gems/sinatra-1.2.6/lib/sinatra/base.rb:808:in `catch'
 C:/Ruby192/lib/ruby/gems/1.9.1/gems/sinatra-1.2.6/lib/sinatra/base.rb:808:in `invoke'
 C:/Ruby192/lib/ruby/gems/1.9.1/gems/sinatra-1.2.6/lib/sinatra/base.rb:644:in `call!'
 C:/Ruby192/lib/ruby/gems/1.9.1/gems/sinatra-1.2.6/lib/sinatra/base.rb:629:in `call'
 C:/Ruby192/lib/ruby/gems/1.9.1/gems/rack-flash-0.1.2/lib/rack/flash.rb:147:in `call'
 C:/Ruby192/lib/ruby/gems/1.9.1/gems/rack-1.3.2/lib/rack/session/abstract/id.rb:195:in `context'
 C:/Ruby192/lib/ruby/gems/1.9.1/gems/rack-1.3.2/lib/rack/session/abstract/id.rb:190:in `call'
 C:/Ruby192/lib/ruby/gems/1.9.1/gems/rack-1.3.2/lib/rack/head.rb:9:in `call'
 C:/Ruby192/lib/ruby/gems/1.9.1/gems/rack-1.3.2/lib/rack/methodoverride.rb:24:in `call'
 C:/Ruby192/lib/ruby/gems/1.9.1/gems/sinatra-1.2.6/lib/sinatra/base.rb:1272:in `block in call'
 C:/Ruby192/lib/ruby/gems/1.9.1/gems/sinatra-1.2.6/lib/sinatra/base.rb:1303:in `synchronize'
 C:/Ruby192/lib/ruby/gems/1.9.1/gems/sinatra-1.2.6/lib/sinatra/base.rb:1272:in `call'
 C:/Ruby192/lib/ruby/gems/1.9.1/gems/padrino-core-0.10.0/lib/padrino-core/router.rb:71:in `block in call'
 C:/Ruby192/lib/ruby/gems/1.9.1/gems/padrino-core-0.10.0/lib/padrino-core/router.rb:64:in `each'
 C:/Ruby192/lib/ruby/gems/1.9.1/gems/padrino-core-0.10.0/lib/padrino-core/router.rb:64:in `call'
 C:/Ruby192/lib/ruby/gems/1.9.1/gems/rack-1.3.2/lib/rack/handler/webrick.rb:59:in `service'
 C:/Ruby192/lib/ruby/1.9.1/webrick/httpserver.rb:111:in `service'
 C:/Ruby192/lib/ruby/1.9.1/webrick/httpserver.rb:70:in `run'
 C:/Ruby192/lib/ruby/1.9.1/webrick/server.rb:183:in `block in start_thread'"
